#
# There is insufficient memory for the Java Runtime Environment to continue.
# Native memory allocation (malloc) failed to allocate 65680 bytes for Chunk::new
# Possible reasons:
#   The system is out of physical RAM or swap space
#   The process is running with CompressedOops enabled, and the Java Heap may be blocking the growth of the native heap
# Possible solutions:
#   Reduce memory load on the system
#   Increase physical memory or swap space
#   Check if swap backing store is full
#   Decrease Java heap size (-Xmx/-Xms)
#   Decrease number of Java threads
#   Decrease Java thread stack sizes (-Xss)
#   Set larger code cache with -XX:ReservedCodeCacheSize=
#   JVM is running with Unscaled Compressed Oops mode in which the Java heap is
#     placed in the first 4GB address space. The Java Heap base address is the
#     maximum limit for the native heap growth. Please use -XX:HeapBaseMinAddress
#     to set the Java Heap base and to place the Java Heap above 4GB virtual address.
# This output file may be truncated or incomplete.
#
#  Out of Memory Error (allocation.cpp:389), pid=15008, tid=0x00000000000040ec
#
# JRE version: OpenJDK Runtime Environment (8.0_212-b04) (build 1.8.0_212-release-1586-b04)
# Java VM: OpenJDK 64-Bit Server VM (25.212-b04 mixed mode windows-amd64 compressed oops)
# Failed to write core dump. Minidumps are not enabled by default on client versions of Windows
#

---------------  T H R E A D  ---------------

Current thread (0x00000000186dc800):  JavaThread "C2 CompilerThread2" daemon [_thread_in_native, id=16620, stack(0x0000000019dc0000,0x0000000019ec0000)]

Stack: [0x0000000019dc0000,0x0000000019ec0000]
[error occurred during error reporting (printing stack bounds), id 0xc0000005]

Native frames: (J=compiled Java code, j=interpreted, Vv=VM code, C=native code)


Current CompileTask:
C2:  63020 16357   !   4       sun.nio.ch.FileChannelImpl::write (240 bytes)


---------------  P R O C E S S  ---------------

Java Threads: ( => current thread )
  0x000000001f330800 JavaThread "WorkerExecutor Queue Thread 14" [_thread_blocked, id=15724, stack(0x0000000000f70000,0x0000000001070000)]
  0x000000002e7c8000 JavaThread "WorkerExecutor Queue Thread 12" [_thread_blocked, id=9344, stack(0x0000000032810000,0x0000000032910000)]
  0x000000002e7c6800 JavaThread "WorkerExecutor Queue Thread 11" [_thread_blocked, id=15264, stack(0x0000000032710000,0x0000000032810000)]
  0x000000002e7c5800 JavaThread "WorkerExecutor Queue Thread 10" [_thread_blocked, id=10704, stack(0x0000000032610000,0x0000000032710000)]
  0x000000001ebc1000 JavaThread "WorkerExecutor Queue Thread 9" [_thread_blocked, id=9904, stack(0x0000000032510000,0x0000000032610000)]
  0x000000001ebbe800 JavaThread "WorkerExecutor Queue Thread 8" [_thread_blocked, id=13636, stack(0x0000000032410000,0x0000000032510000)]
  0x000000001ebbf800 JavaThread "WorkerExecutor Queue Thread 7" [_thread_blocked, id=8172, stack(0x0000000032310000,0x0000000032410000)]
  0x000000001ebbb800 JavaThread "WorkerExecutor Queue Thread 6" [_thread_blocked, id=12508, stack(0x0000000032210000,0x0000000032310000)]
  0x000000001ebc0000 JavaThread "WorkerExecutor Queue Thread 5" [_thread_blocked, id=1244, stack(0x0000000032110000,0x0000000032210000)]
  0x000000001ebbb000 JavaThread "WorkerExecutor Queue Thread 4" [_thread_blocked, id=12228, stack(0x000000002a880000,0x000000002a980000)]
  0x000000001ebbd000 JavaThread "WorkerExecutor Queue Thread 3" [_thread_blocked, id=20336, stack(0x000000002a500000,0x000000002a600000)]
  0x000000001ebb3800 JavaThread "stdout" [_thread_in_native, id=18792, stack(0x000000002af60000,0x000000002b060000)]
  0x000000001ebba000 JavaThread "stderr" [_thread_in_native, id=5416, stack(0x000000002ab50000,0x000000002ac50000)]
  0x000000001ebb2800 JavaThread "pool-4-thread-1" [_thread_blocked, id=22732, stack(0x000000002a680000,0x000000002a780000)]
  0x000000001ebb9800 JavaThread "WorkerExecutor Queue Thread 2" [_thread_in_native, id=20604, stack(0x000000002a780000,0x000000002a880000)]
  0x000000001ebb7000 JavaThread "WorkerExecutor Queue" [_thread_blocked, id=6132, stack(0x0000000029980000,0x0000000029a80000)]
  0x000000001ebb6800 JavaThread "Cache worker for execution history cache (C:\Users\guswn\AndroidStudioProjects\Coconut\.gradle\5.6.4\executionHistory)" [_thread_blocked, id=3136, stack(0x0000000029880000,0x0000000029980000)]
  0x000000001ebb2000 JavaThread "Execution worker for ':' Thread 11" [_thread_blocked, id=6836, stack(0x0000000029780000,0x0000000029880000)]
  0x000000001ebb5000 JavaThread "Execution worker for ':' Thread 10" [_thread_blocked, id=23376, stack(0x0000000029680000,0x0000000029780000)]
  0x000000001ebb4000 JavaThread "Execution worker for ':' Thread 9" [_thread_blocked, id=9644, stack(0x0000000028fb0000,0x00000000290b0000)]
  0x000000001ebb8800 JavaThread "Execution worker for ':' Thread 8" [_thread_blocked, id=20104, stack(0x0000000028eb0000,0x0000000028fb0000)]
  0x000000001ebb5800 JavaThread "Execution worker for ':' Thread 7" [_thread_blocked, id=17168, stack(0x0000000028db0000,0x0000000028eb0000)]
  0x000000001ebb8000 JavaThread "Execution worker for ':' Thread 6" [_thread_blocked, id=23220, stack(0x0000000028cb0000,0x0000000028db0000)]
  0x000000001bcea800 JavaThread "Execution worker for ':' Thread 5" [_thread_blocked, id=16552, stack(0x00000000289b0000,0x0000000028ab0000)]
  0x000000001bce5800 JavaThread "Execution worker for ':' Thread 4" [_thread_blocked, id=9060, stack(0x00000000288b0000,0x00000000289b0000)]
  0x000000001bce4800 JavaThread "Execution worker for ':' Thread 3" [_thread_blocked, id=2968, stack(0x00000000287b0000,0x00000000288b0000)]
  0x000000001bce8800 JavaThread "Execution worker for ':' Thread 2" [_thread_blocked, id=8532, stack(0x00000000286b0000,0x00000000287b0000)]
  0x0000000020870000 JavaThread "Execution worker for ':'" [_thread_blocked, id=14756, stack(0x00000000285b0000,0x00000000286b0000)]
  0x0000000020870800 JavaThread "Cache worker for file content cache (C:\Users\guswn\AndroidStudioProjects\Coconut\.gradle\5.6.4\fileContent)" [_thread_blocked, id=16116, stack(0x00000000284b0000,0x00000000285b0000)]
  0x000000002086e800 JavaThread "Cache worker for Build Output Cleanup Cache (C:\Users\guswn\AndroidStudioProjects\Coconut\.gradle\buildOutputCleanup)" [_thread_blocked, id=18892, stack(0x00000000283b0000,0x00000000284b0000)]
  0x0000000020874800 JavaThread "pool-3-thread-1" [_thread_blocked, id=13276, stack(0x00000000282b0000,0x00000000283b0000)]
  0x0000000020868800 JavaThread "Build operations Thread 12" [_thread_blocked, id=8364, stack(0x00000000281b0000,0x00000000282b0000)]
  0x000000002086f000 JavaThread "Build operations Thread 11" [_thread_blocked, id=1032, stack(0x00000000254a0000,0x00000000255a0000)]
  0x0000000020866000 JavaThread "Build operations Thread 10" [_thread_blocked, id=11800, stack(0x00000000253a0000,0x00000000254a0000)]
  0x000000002086d000 JavaThread "Build operations Thread 9" [_thread_blocked, id=11748, stack(0x00000000246a0000,0x00000000247a0000)]
  0x000000002086c000 JavaThread "Build operations Thread 8" [_thread_blocked, id=24992, stack(0x00000000243a0000,0x00000000244a0000)]
  0x000000002086b800 JavaThread "Build operations Thread 7" [_thread_blocked, id=20316, stack(0x0000000023ea0000,0x0000000023fa0000)]
  0x0000000020867800 JavaThread "Build operations Thread 6" [_thread_blocked, id=9772, stack(0x0000000023da0000,0x0000000023ea0000)]
  0x000000002086a000 JavaThread "Build operations Thread 5" [_thread_blocked, id=22772, stack(0x0000000023ca0000,0x0000000023da0000)]
  0x000000001e8b2800 JavaThread "Build operations Thread 4" [_thread_blocked, id=3940, stack(0x0000000023ba0000,0x0000000023ca0000)]
  0x000000001e8b1000 JavaThread "Build operations Thread 3" [_thread_blocked, id=13368, stack(0x0000000023aa0000,0x0000000023ba0000)]
  0x000000001e8b0800 JavaThread "Build operations Thread 2" [_thread_blocked, id=9052, stack(0x00000000239a0000,0x0000000023aa0000)]
  0x000000001e8af800 JavaThread "Build operations" [_thread_blocked, id=25560, stack(0x00000000238a0000,0x00000000239a0000)]
  0x000000001e8b5000 JavaThread "Cache worker for cache directory md-rule (C:\Users\guswn\.gradle\caches\5.6.4\md-rule)" [_thread_blocked, id=17832, stack(0x0000000023540000,0x0000000023640000)]
  0x000000001e8b3800 JavaThread "Cache worker for cache directory md-supplier (C:\Users\guswn\.gradle\caches\5.6.4\md-supplier)" [_thread_blocked, id=6796, stack(0x0000000023440000,0x0000000023540000)]
  0x000000001e8b4000 JavaThread "Cache worker for file hash cache (C:\Users\guswn\AndroidStudioProjects\Coconut\.gradle\5.6.4\fileHashes)" [_thread_blocked, id=13304, stack(0x0000000023340000,0x0000000023440000)]
  0x000000001e8a6800 JavaThread "Thread-49" [_thread_blocked, id=16632, stack(0x0000000023240000,0x0000000023340000)]
  0x000000001e8a7800 JavaThread "Stdin handler" [_thread_blocked, id=21692, stack(0x0000000022020000,0x0000000022120000)]
  0x000000001e8ad800 JavaThread "Asynchronous log dispatcher for DefaultDaemonConnection: socket connection from /127.0.0.1:12008 to /127.0.0.1:12053" [_thread_blocked, id=5160, stack(0x00000000204e0000,0x00000000205e0000)]
  0x000000001e8ab000 JavaThread "Cancel handler" [_thread_blocked, id=3856, stack(0x00000000203e0000,0x00000000204e0000)]
  0x000000001e8a9800 JavaThread "Handler for socket connection from /127.0.0.1:12008 to /127.0.0.1:12053" [_thread_in_native, id=12116, stack(0x000000001d640000,0x000000001d740000)]
  0x0000000020873000 JavaThread "ForkJoinPool.commonPool-worker-3" daemon [_thread_blocked, id=4956, stack(0x000000002ae60000,0x000000002af60000)]
  0x0000000020873800 JavaThread "ForkJoinPool.commonPool-worker-10" daemon [_thread_blocked, id=16248, stack(0x000000002ad60000,0x000000002ae60000)]
  0x0000000020872000 JavaThread "ForkJoinPool.commonPool-worker-1" daemon [_thread_blocked, id=23796, stack(0x000000002ac60000,0x000000002ad60000)]
  0x0000000020875000 JavaThread "ForkJoinPool.commonPool-worker-8" daemon [_thread_blocked, id=11084, stack(0x000000002aa50000,0x000000002ab50000)]
  0x0000000020871800 JavaThread "ForkJoinPool.commonPool-worker-15" daemon [_thread_blocked, id=5372, stack(0x00000000292c0000,0x00000000293c0000)]
  0x000000001e8a6000 JavaThread "Cache worker for file content cache (C:\Users\guswn\.gradle\caches\5.6.4\fileContent)" [_thread_blocked, id=17672, stack(0x00000000252a0000,0x00000000253a0000)]
  0x000000001e8aa800 JavaThread "Memory manager" [_thread_blocked, id=1384, stack(0x00000000251a0000,0x00000000252a0000)]
  0x000000001bcea000 JavaThread "Cache worker for execution history cache (C:\Users\guswn\.gradle\caches\5.6.4\executionHistory)" [_thread_blocked, id=11180, stack(0x0000000022170000,0x0000000022270000)]
  0x000000001bce7000 JavaThread "Cache worker for journal cache (C:\Users\guswn\.gradle\caches\journal-1)" [_thread_blocked, id=12132, stack(0x000000001dd40000,0x000000001de40000)]
  0x000000001bd8e000 JavaThread "File lock request listener" [_thread_in_native, id=4316, stack(0x000000001dc40000,0x000000001dd40000)]
  0x000000001bd8d000 JavaThread "Cache worker for file hash cache (C:\Users\guswn\.gradle\caches\5.6.4\fileHashes)" [_thread_blocked, id=14016, stack(0x000000001db40000,0x000000001dc40000)]
  0x000000001bcb6000 JavaThread "Daemon worker" [_thread_blocked, id=9032, stack(0x000000001d540000,0x000000001d640000)]
  0x000000001bc72800 JavaThread "Daemon" [_thread_blocked, id=8908, stack(0x000000001cf40000,0x000000001d040000)]
  0x000000001bc1c800 JavaThread "Daemon periodic checks" [_thread_blocked, id=17492, stack(0x000000001ce40000,0x000000001cf40000)]
  0x000000001bc07800 JavaThread "Incoming local TCP Connector on port 12008" [_thread_in_native, id=18248, stack(0x000000001cc60000,0x000000001cd60000)]
  0x000000001bb51000 JavaThread "Daemon health stats" [_thread_blocked, id=23880, stack(0x000000001c960000,0x000000001ca60000)]
  0x000000001876c800 JavaThread "Service Thread" daemon [_thread_blocked, id=9432, stack(0x0000000019fc0000,0x000000001a0c0000)]
  0x00000000186de000 JavaThread "C1 CompilerThread3" daemon [_thread_blocked, id=6112, stack(0x0000000019ec0000,0x0000000019fc0000)]
=>0x00000000186dc800 JavaThread "C2 CompilerThread2" daemon [_thread_in_native, id=16620, stack(0x0000000019dc0000,0x0000000019ec0000)]
  0x00000000186d7800 JavaThread "C2 CompilerThread1" daemon [_thread_blocked, id=21064, stack(0x0000000019cc0000,0x0000000019dc0000)]
  0x000000001867a800 JavaThread "C2 CompilerThread0" daemon [_thread_blocked, id=5260, stack(0x0000000019bc0000,0x0000000019cc0000)]
  0x00000000186d2000 JavaThread "Attach Listener" daemon [_thread_blocked, id=13308, stack(0x0000000019ac0000,0x0000000019bc0000)]
  0x00000000186d1000 JavaThread "Signal Dispatcher" daemon [_thread_blocked, id=22048, stack(0x00000000199c0000,0x0000000019ac0000)]
  0x0000000016f92800 JavaThread "Finalizer" daemon [_thread_blocked, id=20720, stack(0x00000000198c0000,0x00000000199c0000)]
  0x0000000018663000 JavaThread "Reference Handler" daemon [_thread_blocked, id=560, stack(0x00000000197c0000,0x00000000198c0000)]
  0x0000000002ed2800 JavaThread "main" [_thread_blocked, id=21976, stack(0x0000000002dd0000,0x0000000002ed0000)]

Other Threads:
  0x0000000016f85800 VMThread [stack: 0x00000000196c0000,0x00000000197c0000] [id=856]
  0x000000001876e800 WatcherThread [stack: 0x000000001a0c0000,0x000000001a1c0000] [id=3360]

VM state:not at safepoint (normal execution)

VM Mutex/Monitor currently owned by a thread: None

OutOfMemory and StackOverflow Exception counts:
OutOfMemoryError java_heap_errors=3

heap address: 0x00000000a0000000, size: 1536 MB, Compressed Oops mode: 32-bit
Narrow klass base: 0x0000000000000000, Narrow klass shift: 3
Compressed class space size: 1073741824 Address: 0x0000000100000000

Heap:
 PSYoungGen      total 397312K, used 269339K [0x00000000e0000000, 0x0000000100000000, 0x0000000100000000)
  eden space 350208K, 76% used [0x00000000e0000000,0x00000000f0706ee0,0x00000000f5600000)
  from space 47104K, 0% used [0x00000000f5600000,0x00000000f5600000,0x00000000f8400000)
  to   space 75264K, 0% used [0x00000000fb680000,0x00000000fb680000,0x0000000100000000)
 ParOldGen       total 371712K, used 163505K [0x00000000a0000000, 0x00000000b6b00000, 0x00000000e0000000)
  object space 371712K, 43% used [0x00000000a0000000,0x00000000a9fac470,0x00000000b6b00000)
 Metaspace       used 85555K, capacity 89136K, committed 92672K, reserved 1128448K
  class space    used 11297K, capacity 12071K, committed 12800K, reserved 1048576K

Card table byte_map: [0x0000000012390000,0x00000000126a0000] byte_map_base: 0x0000000011e90000

Marking Bits: (ParMarkBitMap*) 0x000000005e569f30
 Begin Bits: [0x00000000132a0000, 0x0000000014aa0000)
 End Bits:   [0x0000000014aa0000, 0x00000000162a0000)

Polling page: 0x0000000000c40000

CodeCache: size=245760Kb used=41581Kb max_used=42029Kb free=204178Kb
 bounds [0x0000000002fd0000, 0x0000000005910000, 0x0000000011fd0000]
 total_blobs=14184 nmethods=13318 adapters=776
 compilation: enabled

Compilation events (10 events):
Event: 63.001 Thread 0x00000000186de000 nmethod 16359 0x000000000347e190 code [0x000000000347e2e0, 0x000000000347e490]
Event: 63.002 Thread 0x00000000186de000 16360       1       com.android.zipflinger.ZipSourceEntry::prepare (1 bytes)
Event: 63.002 Thread 0x00000000186de000 nmethod 16360 0x00000000031244d0 code [0x0000000003124620, 0x0000000003124730]
Event: 63.006 Thread 0x00000000186d7800 16361       4       sun.nio.ch.Util$BufferCache::get (164 bytes)
Event: 63.008 Thread 0x00000000186d7800 nmethod 16361 0x0000000004b667d0 code [0x0000000004b66920, 0x0000000004b66b98]
Event: 63.008 Thread 0x00000000186d7800 16362       4       sun.nio.ch.FileDispatcherImpl::size (5 bytes)
Event: 63.008 Thread 0x00000000186d7800 nmethod 16362 0x00000000054f2d10 code [0x00000000054f2e60, 0x00000000054f2ee8]
Event: 63.011 Thread 0x000000001867a800 nmethod 16358 0x00000000055c8cd0 code [0x00000000055c8ec0, 0x00000000055c9850]
Event: 63.014 Thread 0x00000000186de000 16363       3       com.android.zipflinger.FreeStore::alloc (110 bytes)
Event: 63.014 Thread 0x00000000186de000 nmethod 16363 0x0000000003396690 code [0x0000000003396860, 0x0000000003396f18]

GC Heap History (10 events):
Event: 56.800 GC heap before
{Heap before GC invocations=15 (full 3):
 PSYoungGen      total 285696K, used 285689K [0x00000000e0000000, 0x00000000f7b80000, 0x0000000100000000)
  eden space 262656K, 100% used [0x00000000e0000000,0x00000000f0080000,0x00000000f0080000)
  from space 23040K, 99% used [0x00000000f0080000,0x00000000f16fe538,0x00000000f1700000)
  to   space 35840K, 0% used [0x00000000f5880000,0x00000000f5880000,0x00000000f7b80000)
 ParOldGen       total 170496K, used 66421K [0x00000000a0000000, 0x00000000aa680000, 0x00000000e0000000)
  object space 170496K, 38% used [0x00000000a0000000,0x00000000a40dd770,0x00000000aa680000)
 Metaspace       used 75269K, capacity 79128K, committed 79232K, reserved 1118208K
  class space    used 10127K, capacity 10873K, committed 10880K, reserved 1048576K
Event: 56.826 GC heap after
Heap after GC invocations=15 (full 3):
 PSYoungGen      total 343040K, used 35810K [0x00000000e0000000, 0x00000000f8100000, 0x0000000100000000)
  eden space 307200K, 0% used [0x00000000e0000000,0x00000000e0000000,0x00000000f2c00000)
  from space 35840K, 99% used [0x00000000f5880000,0x00000000f7b78a58,0x00000000f7b80000)
  to   space 43520K, 0% used [0x00000000f2c00000,0x00000000f2c00000,0x00000000f5680000)
 ParOldGen       total 170496K, used 72426K [0x00000000a0000000, 0x00000000aa680000, 0x00000000e0000000)
  object space 170496K, 42% used [0x00000000a0000000,0x00000000a46ba860,0x00000000aa680000)
 Metaspace       used 75269K, capacity 79128K, committed 79232K, reserved 1118208K
  class space    used 10127K, capacity 10873K, committed 10880K, reserved 1048576K
}
Event: 59.587 GC heap before
{Heap before GC invocations=16 (full 3):
 PSYoungGen      total 343040K, used 343010K [0x00000000e0000000, 0x00000000f8100000, 0x0000000100000000)
  eden space 307200K, 100% used [0x00000000e0000000,0x00000000f2c00000,0x00000000f2c00000)
  from space 35840K, 99% used [0x00000000f5880000,0x00000000f7b78a58,0x00000000f7b80000)
  to   space 43520K, 0% used [0x00000000f2c00000,0x00000000f2c00000,0x00000000f5680000)
 ParOldGen       total 170496K, used 72426K [0x00000000a0000000, 0x00000000aa680000, 0x00000000e0000000)
  object space 170496K, 42% used [0x00000000a0000000,0x00000000a46ba860,0x00000000aa680000)
 Metaspace       used 84158K, capacity 89354K, committed 89472K, reserved 1126400K
  class space    used 11438K, capacity 12392K, committed 12416K, reserved 1048576K
Event: 59.620 GC heap after
Heap after GC invocations=16 (full 3):
 PSYoungGen      total 350720K, used 39671K [0x00000000e0000000, 0x00000000fba80000, 0x0000000100000000)
  eden space 307200K, 0% used [0x00000000e0000000,0x00000000e0000000,0x00000000f2c00000)
  from space 43520K, 91% used [0x00000000f2c00000,0x00000000f52bdf78,0x00000000f5680000)
  to   space 48640K, 0% used [0x00000000f8b00000,0x00000000f8b00000,0x00000000fba80000)
 ParOldGen       total 170496K, used 92871K [0x00000000a0000000, 0x00000000aa680000, 0x00000000e0000000)
  object space 170496K, 54% used [0x00000000a0000000,0x00000000a5ab1ca8,0x00000000aa680000)
 Metaspace       used 84158K, capacity 89354K, committed 89472K, reserved 1126400K
  class space    used 11438K, capacity 12392K, committed 12416K, reserved 1048576K
}
Event: 60.538 GC heap before
{Heap before GC invocations=17 (full 3):
 PSYoungGen      total 350720K, used 346806K [0x00000000e0000000, 0x00000000fba80000, 0x0000000100000000)
  eden space 307200K, 99% used [0x00000000e0000000,0x00000000f2bef890,0x00000000f2c00000)
  from space 43520K, 91% used [0x00000000f2c00000,0x00000000f52bdf78,0x00000000f5680000)
  to   space 48640K, 0% used [0x00000000f8b00000,0x00000000f8b00000,0x00000000fba80000)
 ParOldGen       total 170496K, used 92871K [0x00000000a0000000, 0x00000000aa680000, 0x00000000e0000000)
  object space 170496K, 54% used [0x00000000a0000000,0x00000000a5ab1ca8,0x00000000aa680000)
 Metaspace       used 85582K, capacity 91154K, committed 91264K, reserved 1128448K
  class space    used 11590K, capacity 12610K, committed 12672K, reserved 1048576K
Event: 60.544 GC heap after
Heap after GC invocations=17 (full 3):
 PSYoungGen      total 390144K, used 13583K [0x00000000e0000000, 0x00000000fb200000, 0x0000000100000000)
  eden space 350208K, 0% used [0x00000000e0000000,0x00000000e0000000,0x00000000f5600000)
  from space 39936K, 34% used [0x00000000f8b00000,0x00000000f9843eb8,0x00000000fb200000)
  to   space 47104K, 0% used [0x00000000f5600000,0x00000000f5600000,0x00000000f8400000)
 ParOldGen       total 170496K, used 92879K [0x00000000a0000000, 0x00000000aa680000, 0x00000000e0000000)
  object space 170496K, 54% used [0x00000000a0000000,0x00000000a5ab3ca8,0x00000000aa680000)
 Metaspace       used 85582K, capacity 91154K, committed 91264K, reserved 1128448K
  class space    used 11590K, capacity 12610K, committed 12672K, reserved 1048576K
}
Event: 61.382 GC heap before
{Heap before GC invocations=18 (full 3):
 PSYoungGen      total 390144K, used 363791K [0x00000000e0000000, 0x00000000fb200000, 0x0000000100000000)
  eden space 350208K, 100% used [0x00000000e0000000,0x00000000f5600000,0x00000000f5600000)
  from space 39936K, 34% used [0x00000000f8b00000,0x00000000f9843eb8,0x00000000fb200000)
  to   space 47104K, 0% used [0x00000000f5600000,0x00000000f5600000,0x00000000f8400000)
 ParOldGen       total 170496K, used 92879K [0x00000000a0000000, 0x00000000aa680000, 0x00000000e0000000)
  object space 170496K, 54% used [0x00000000a0000000,0x00000000a5ab3ca8,0x00000000aa680000)
 Metaspace       used 86539K, capacity 92274K, committed 92416K, reserved 1128448K
  class space    used 11697K, capacity 12758K, committed 12800K, reserved 1048576K
Event: 61.434 GC heap after
Heap after GC invocations=18 (full 3):
 PSYoungGen      total 397312K, used 47083K [0x00000000e0000000, 0x0000000100000000, 0x0000000100000000)
  eden space 350208K, 0% used [0x00000000e0000000,0x00000000e0000000,0x00000000f5600000)
  from space 47104K, 99% used [0x00000000f5600000,0x00000000f83fad10,0x00000000f8400000)
  to   space 75264K, 0% used [0x00000000fb680000,0x00000000fb680000,0x0000000100000000)
 ParOldGen       total 170496K, used 148324K [0x00000000a0000000, 0x00000000aa680000, 0x00000000e0000000)
  object space 170496K, 86% used [0x00000000a0000000,0x00000000a90d9158,0x00000000aa680000)
 Metaspace       used 86539K, capacity 92274K, committed 92416K, reserved 1128448K
  class space    used 11697K, capacity 12758K, committed 12800K, reserved 1048576K
}
Event: 61.434 GC heap before
{Heap before GC invocations=19 (full 4):
 PSYoungGen      total 397312K, used 47083K [0x00000000e0000000, 0x0000000100000000, 0x0000000100000000)
  eden space 350208K, 0% used [0x00000000e0000000,0x00000000e0000000,0x00000000f5600000)
  from space 47104K, 99% used [0x00000000f5600000,0x00000000f83fad10,0x00000000f8400000)
  to   space 75264K, 0% used [0x00000000fb680000,0x00000000fb680000,0x0000000100000000)
 ParOldGen       total 170496K, used 148324K [0x00000000a0000000, 0x00000000aa680000, 0x00000000e0000000)
  object space 170496K, 86% used [0x00000000a0000000,0x00000000a90d9158,0x00000000aa680000)
 Metaspace       used 86539K, capacity 92274K, committed 92416K, reserved 1128448K
  class space    used 11697K, capacity 12758K, committed 12800K, reserved 1048576K
Event: 61.789 GC heap after
Heap after GC invocations=19 (full 4):
 PSYoungGen      total 397312K, used 0K [0x00000000e0000000, 0x0000000100000000, 0x0000000100000000)
  eden space 350208K, 0% used [0x00000000e0000000,0x00000000e0000000,0x00000000f5600000)
  from space 47104K, 0% used [0x00000000f5600000,0x00000000f5600000,0x00000000f8400000)
  to   space 75264K, 0% used [0x00000000fb680000,0x00000000fb680000,0x0000000100000000)
 ParOldGen       total 371712K, used 163505K [0x00000000a0000000, 0x00000000b6b00000, 0x00000000e0000000)
  object space 371712K, 43% used [0x00000000a0000000,0x00000000a9fac470,0x00000000b6b00000)
 Metaspace       used 85312K, capacity 88920K, committed 92416K, reserved 1128448K
  class space    used 11283K, capacity 12029K, committed 12800K, reserved 1048576K
}

Deoptimization events (10 events):
Event: 62.963 Thread 0x000000001ebb9800 Uncommon trap: reason=speculate_class_check action=maybe_recompile pc=0x0000000004a64a78 method=java.util.EnumMap.get(Ljava/lang/Object;)Ljava/lang/Object; @ 14
Event: 62.963 Thread 0x000000001ebb9800 Uncommon trap: reason=class_check action=maybe_recompile pc=0x0000000004f8dee8 method=com.google.common.collect.ImmutableMap.copyOf(Ljava/util/Map;)Lcom/google/common/collect/ImmutableMap; @ 49
Event: 62.963 Thread 0x000000001ebb9800 Uncommon trap: reason=class_check action=maybe_recompile pc=0x0000000004f41790 method=com.google.common.collect.Iterables.castOrCopyToCollection(Ljava/lang/Iterable;)Ljava/util/Collection; @ 1
Event: 62.963 Thread 0x000000001ebb9800 Uncommon trap: reason=class_check action=maybe_recompile pc=0x0000000004f8dee8 method=com.google.common.collect.ImmutableMap.copyOf(Ljava/util/Map;)Lcom/google/common/collect/ImmutableMap; @ 49
Event: 62.963 Thread 0x000000001ebb9800 Uncommon trap: reason=class_check action=maybe_recompile pc=0x0000000004f41790 method=com.google.common.collect.Iterables.castOrCopyToCollection(Ljava/lang/Iterable;)Ljava/util/Collection; @ 1
Event: 62.963 Thread 0x000000001ebb9800 Uncommon trap: reason=class_check action=maybe_recompile pc=0x0000000004f8dee8 method=com.google.common.collect.ImmutableMap.copyOf(Ljava/util/Map;)Lcom/google/common/collect/ImmutableMap; @ 49
Event: 62.963 Thread 0x000000001ebb9800 Uncommon trap: reason=class_check action=maybe_recompile pc=0x0000000004f41790 method=com.google.common.collect.Iterables.castOrCopyToCollection(Ljava/lang/Iterable;)Ljava/util/Collection; @ 1
Event: 62.963 Thread 0x000000001ebb9800 Uncommon trap: reason=class_check action=maybe_recompile pc=0x0000000004f8dee8 method=com.google.common.collect.ImmutableMap.copyOf(Ljava/util/Map;)Lcom/google/common/collect/ImmutableMap; @ 49
Event: 62.963 Thread 0x000000001ebb9800 Uncommon trap: reason=class_check action=maybe_recompile pc=0x0000000004f41790 method=com.google.common.collect.Iterables.castOrCopyToCollection(Ljava/lang/Iterable;)Ljava/util/Collection; @ 1
Event: 62.965 Thread 0x000000001ebb9800 Uncommon trap: reason=class_check action=maybe_recompile pc=0x0000000005021ee4 method=com.google.common.collect.ImmutableList.copyIntoArray([Ljava/lang/Object;I)I @ 1

Classes redefined (0 events):
No events

Internal exceptions (10 events):
Event: 60.697 Thread 0x000000002e7c3800 Implicit null exception at 0x000000000392e0af to 0x000000000392e1a1
Event: 60.859 Thread 0x000000002e7d1000 Implicit null exception at 0x0000000003264a0f to 0x0000000003264b7d
Event: 60.969 Thread 0x000000002e7d1000 Exception <a 'sun/nio/fs/WindowsException'> (0x00000000ed380890) thrown at [D:\src\AOSP-openjdk-cygwin\jdk8u\hotspot\src\share\vm\prims\jni.cpp, line 710]
Event: 62.082 Thread 0x000000001f335000 Exception <a 'sun/nio/fs/WindowsException'> (0x00000000e1d48be0) thrown at [D:\src\AOSP-openjdk-cygwin\jdk8u\hotspot\src\share\vm\prims\jni.cpp, line 710]
Event: 62.880 Thread 0x000000002e7cd000 Exception <a 'sun/nio/fs/WindowsException'> (0x00000000eed90318) thrown at [D:\src\AOSP-openjdk-cygwin\jdk8u\hotspot\src\share\vm\prims\jni.cpp, line 710]
Event: 62.928 Thread 0x000000001ebb6800 Exception <a 'java/lang/OutOfMemoryError'> (0x00000000eef7d2e8) thrown at [D:\src\AOSP-openjdk-cygwin\jdk8u\hotspot\src\share\vm\prims\jni.cpp, line 736]
Event: 62.965 Thread 0x000000001ebb9800 Exception <a 'sun/nio/fs/WindowsException'> (0x00000000ef618570) thrown at [D:\src\AOSP-openjdk-cygwin\jdk8u\hotspot\src\share\vm\prims\jni.cpp, line 710]
Event: 62.965 Thread 0x000000001ebb9800 Exception <a 'sun/nio/fs/WindowsException'> (0x00000000ef6189b8) thrown at [D:\src\AOSP-openjdk-cygwin\jdk8u\hotspot\src\share\vm\prims\jni.cpp, line 710]
Event: 62.967 Thread 0x0000000020873800 Exception <a 'java/lang/OutOfMemoryError'> (0x00000000ef6db4c0) thrown at [D:\src\AOSP-openjdk-cygwin\jdk8u\hotspot\src\share\vm\prims\unsafe.cpp, line 618]
Event: 62.967 Thread 0x0000000020875000 Exception <a 'java/lang/OutOfMemoryError'> (0x00000000ef695628) thrown at [D:\src\AOSP-openjdk-cygwin\jdk8u\hotspot\src\share\vm\prims\jni.cpp, line 736]

Events (10 events):
Event: 62.967 Thread 0x00000000186de000 flushing nmethod 0x00000000055f1dd0
Event: 62.967 Thread 0x00000000186de000 flushing nmethod 0x0000000005609b50
Event: 62.967 Thread 0x00000000186de000 flushing nmethod 0x0000000005658590
Event: 62.967 Thread 0x00000000186de000 flushing nmethod 0x000000000565d110
Event: 62.970 Executing VM operation: RevokeBias
Event: 62.970 Executing VM operation: RevokeBias done
Event: 62.981 Executing VM operation: RevokeBias
Event: 62.981 Executing VM operation: RevokeBias done
Event: 62.990 Executing VM operation: RevokeBias
Event: 62.990 Executing VM operation: RevokeBias done


Dynamic libraries:
0x00007ff63eb00000 - 0x00007ff63eb31000 	C:\Program Files\Android\Android Studio\jre\bin\java.exe
0x00007ffd937f0000 - 0x00007ffd939e4000 	C:\WINDOWS\SYSTEM32\ntdll.dll
0x00007ffd93510000 - 0x00007ffd935cd000 	C:\WINDOWS\System32\KERNEL32.DLL
0x00007ffd91010000 - 0x00007ffd912d7000 	C:\WINDOWS\System32\KERNELBASE.dll
0x00007ffd92b50000 - 0x00007ffd92bfa000 	C:\WINDOWS\System32\ADVAPI32.dll
0x00007ffd92490000 - 0x00007ffd9252e000 	C:\WINDOWS\System32\msvcrt.dll
0x00007ffd929a0000 - 0x00007ffd92a3b000 	C:\WINDOWS\System32\sechost.dll
0x00007ffd92d50000 - 0x00007ffd92e73000 	C:\WINDOWS\System32\RPCRT4.dll
0x00007ffd935d0000 - 0x00007ffd93770000 	C:\WINDOWS\System32\USER32.dll
0x00007ffd90fe0000 - 0x00007ffd91002000 	C:\WINDOWS\System32\win32u.dll
0x00007ffd93770000 - 0x00007ffd9379a000 	C:\WINDOWS\System32\GDI32.dll
0x00007ffd91740000 - 0x00007ffd9184a000 	C:\WINDOWS\System32\gdi32full.dll
0x00007ffd915c0000 - 0x00007ffd9165d000 	C:\WINDOWS\System32\msvcp_win.dll
0x00007ffd914c0000 - 0x00007ffd915c0000 	C:\WINDOWS\System32\ucrtbase.dll
0x00007ffd82760000 - 0x00007ffd829fa000 	C:\WINDOWS\WinSxS\amd64_microsoft.windows.common-controls_6595b64144ccf1df_6.0.19041.1_none_b555e41d4684ddec\COMCTL32.dll
0x00007ffd934e0000 - 0x00007ffd93510000 	C:\WINDOWS\System32\IMM32.DLL
0x000000005f740000 - 0x000000005f812000 	C:\Program Files\Android\Android Studio\jre\jre\bin\msvcr100.dll
0x000000005dda0000 - 0x000000005e5e6000 	C:\Program Files\Android\Android Studio\jre\jre\bin\server\jvm.dll
0x00007ffd937a0000 - 0x00007ffd937a8000 	C:\WINDOWS\System32\PSAPI.DLL
0x00007ffd77190000 - 0x00007ffd77199000 	C:\WINDOWS\SYSTEM32\WSOCK32.dll
0x00007ffd93080000 - 0x00007ffd930eb000 	C:\WINDOWS\System32\WS2_32.dll
0x00007ffd82bc0000 - 0x00007ffd82be7000 	C:\WINDOWS\SYSTEM32\WINMM.dll
0x00007ffd89000000 - 0x00007ffd8900a000 	C:\WINDOWS\SYSTEM32\VERSION.dll
0x00007ffd81370000 - 0x00007ffd8137f000 	C:\Program Files\Android\Android Studio\jre\jre\bin\verify.dll
0x00007ffd5ac70000 - 0x00007ffd5ac99000 	C:\Program Files\Android\Android Studio\jre\jre\bin\java.dll
0x00007ffd61770000 - 0x00007ffd61786000 	C:\Program Files\Android\Android Studio\jre\jre\bin\zip.dll
0x00007ffd91d40000 - 0x00007ffd92471000 	C:\WINDOWS\System32\SHELL32.dll
0x00007ffd8f080000 - 0x00007ffd8f80a000 	C:\WINDOWS\SYSTEM32\windows.storage.dll
0x00007ffd930f0000 - 0x00007ffd93444000 	C:\WINDOWS\System32\combase.dll
0x00007ffd909b0000 - 0x00007ffd909db000 	C:\WINDOWS\SYSTEM32\Wldp.dll
0x00007ffd927c0000 - 0x00007ffd9286e000 	C:\WINDOWS\System32\SHCORE.dll
0x00007ffd92af0000 - 0x00007ffd92b45000 	C:\WINDOWS\System32\shlwapi.dll
0x00007ffd90e70000 - 0x00007ffd90e8f000 	C:\WINDOWS\SYSTEM32\profapi.dll
0x00007ffd5ae00000 - 0x00007ffd5ae1a000 	C:\Program Files\Android\Android Studio\jre\jre\bin\net.dll
0x00007ffd81ef0000 - 0x00007ffd820dd000 	C:\WINDOWS\SYSTEM32\urlmon.dll
0x00007ffd819a0000 - 0x00007ffd81c4e000 	C:\WINDOWS\SYSTEM32\iertutil.dll
0x00007ffd90730000 - 0x00007ffd9079a000 	C:\WINDOWS\system32\mswsock.dll
0x00007ffd8aa90000 - 0x00007ffd8aaa3000 	C:\Program Files\Android\Android Studio\jre\jre\bin\nio.dll
0x00007ffd85f50000 - 0x00007ffd85f76000 	C:\Users\guswn\.gradle\native\30\windows-amd64\native-platform.dll
0x00007ffd8b060000 - 0x00007ffd8b06d000 	C:\Program Files\Android\Android Studio\jre\jre\bin\management.dll
0x00007ffd90900000 - 0x00007ffd90918000 	C:\WINDOWS\SYSTEM32\CRYPTSP.dll
0x00007ffd90050000 - 0x00007ffd90084000 	C:\WINDOWS\system32\rsaenh.dll
0x00007ffd916c0000 - 0x00007ffd916e7000 	C:\WINDOWS\System32\bcrypt.dll
0x00007ffd90e30000 - 0x00007ffd90e5e000 	C:\WINDOWS\SYSTEM32\USERENV.dll
0x00007ffd912e0000 - 0x00007ffd9135f000 	C:\WINDOWS\System32\bcryptprimitives.dll
0x00007ffd90920000 - 0x00007ffd9092c000 	C:\WINDOWS\SYSTEM32\CRYPTBASE.dll
0x00007ffd903d0000 - 0x00007ffd9040b000 	C:\WINDOWS\SYSTEM32\IPHLPAPI.DLL
0x00007ffd92480000 - 0x00007ffd92489000 	C:\WINDOWS\System32\NSI.dll
0x00007ffd87fb0000 - 0x00007ffd87fc7000 	C:\WINDOWS\SYSTEM32\dhcpcsvc6.DLL
0x00007ffd87f90000 - 0x00007ffd87fad000 	C:\WINDOWS\SYSTEM32\dhcpcsvc.DLL
0x00007ffd90410000 - 0x00007ffd904da000 	C:\WINDOWS\SYSTEM32\DNSAPI.dll

VM Arguments:
jvm_args: -Xmx1536m -Dfile.encoding=x-windows-949 -Duser.country=KR -Duser.language=ko -Duser.variant 
java_command: org.gradle.launcher.daemon.bootstrap.GradleDaemon 5.6.4
java_class_path (initial): C:\Users\guswn\.gradle\wrapper\dists\gradle-5.6.4-all\ankdp27end7byghfw1q2sw75f\gradle-5.6.4\lib\gradle-launcher-5.6.4.jar
Launcher Type: SUN_STANDARD

Environment Variables:
JAVA_HOME=C:\Program Files (x86)\Java\jdk1.8.0_221
PATH=C:\Program Files (x86)\Common Files\Oracle\Java\javapath;C:\Windows\system32;C:\Windows;C:\Windows\System32\Wbem;C:\Windows\System32\WindowsPowerShell\v1.0\;C:\Windows\System32\OpenSSH\;C:\Program Files\PuTTY\;C:\Program Files\NVIDIA Corporation\NVIDIA NvDLISR;C:\MinGW\bin;C:\Program Files\nodejs\;C:\Program Files (x86)\NVIDIA Corporation\PhysX\Common;C:\Program Files\Git\cmd;C:\WINDOWS\system32;C:\WINDOWS;C:\WINDOWS\System32\Wbem;C:\WINDOWS\System32\WindowsPowerShell\v1.0\;C:\WINDOWS\System32\OpenSSH\;C:\Program Files\Docker\Docker\resources\bin;C:\ProgramData\DockerDesktop\version-bin;C:\Program Files\MySQL\MySQL Shell 8.0\bin\;C:\Program Files\JetBrains\WebStorm 2019.2.3\bin;C:\Program Files\JetBrains\CLion 2019.2.5\bin;C:\MinGW\bin;C:\Users\guswn\AppData\Local\Programs\Microsoft VS Code\bin;C:\Users\guswn\AppData\Local\GitHubDesktop\bin;C:\Users\guswn\AppData\Roaming\npm;C:\Program Files\JetBrains\GoLand 2019.3\bin;;C:\Users\guswn\AppData\Local\Microsoft\WindowsApps;;C:\Program Files\JetBrains\PhpStorm 2019.3.3\bin;
USERNAME=guswn
OS=Windows_NT
PROCESSOR_IDENTIFIER=Intel64 Family 6 Model 158 Stepping 10, GenuineIntel



---------------  S Y S T E M  ---------------

OS: Windows 10.0 , 64 bit Build 19041 (10.0.19041.1)

CPU:total 12 (initial active 12) (6 cores per cpu, 2 threads per core) family 6 model 158 stepping 10, cmov, cx8, fxsr, mmx, sse, sse2, sse3, ssse3, sse4.1, sse4.2, popcnt, avx, avx2, aes, clmul, erms, 3dnowpref, lzcnt, ht, tsc, tscinvbit, bmi1, bmi2, adx

Memory: 4k page, physical 16694516k(987588k free), swap 67026164k(880k free)

vm_info: OpenJDK 64-Bit Server VM (25.212-b04) for windows-amd64 JRE (1.8.0_212-release-1586-b04), built by "builder" with MS VC++ 10.0 (VS2010)

time: Wed Mar 04 21:07:42 2020
timezone: 대한민국 표준시
elapsed time: 63 seconds (0d 0h 1m 3s)

