#
# There is insufficient memory for the Java Runtime Environment to continue.
# Native memory allocation (malloc) failed to allocate 131088 bytes for Chunk::new
# Possible reasons:
#   The system is out of physical RAM or swap space
#   The process is running with CompressedOops enabled, and the Java Heap may be blocking the growth of the native heap
# Possible solutions:
#   Reduce memory load on the system
#   Increase physical memory or swap space
#   Check if swap backing store is full
#   Decrease Java heap size (-Xmx/-Xms)
#   Decrease number of Java threads
#   Decrease Java thread stack sizes (-Xss)
#   Set larger code cache with -XX:ReservedCodeCacheSize=
#   JVM is running with Unscaled Compressed Oops mode in which the Java heap is
#     placed in the first 4GB address space. The Java Heap base address is the
#     maximum limit for the native heap growth. Please use -XX:HeapBaseMinAddress
#     to set the Java Heap base and to place the Java Heap above 4GB virtual address.
# This output file may be truncated or incomplete.
#
#  Out of Memory Error (allocation.cpp:389), pid=5844, tid=0x0000000000000ec8
#
# JRE version: OpenJDK Runtime Environment (8.0_212-b04) (build 1.8.0_212-release-1586-b04)
# Java VM: OpenJDK 64-Bit Server VM (25.212-b04 mixed mode windows-amd64 compressed oops)
# Failed to write core dump. Minidumps are not enabled by default on client versions of Windows
#

---------------  T H R E A D  ---------------

Current thread (0x0000000018dcc800):  JavaThread "C2 CompilerThread2" daemon [_thread_in_native, id=3784, stack(0x000000001a540000,0x000000001a640000)]

Stack: [0x000000001a540000,0x000000001a640000]
[error occurred during error reporting (printing stack bounds), id 0xc0000005]

Native frames: (J=compiled Java code, j=interpreted, Vv=VM code, C=native code)


Current CompileTask:
C2:  23590 15520       4       com.android.tools.r8.u.c.o::a (1157 bytes)


---------------  P R O C E S S  ---------------

Java Threads: ( => current thread )
  0x00000000214a8800 JavaThread "WorkerExecutor Queue Thread 13" [_thread_blocked, id=18196, stack(0x0000000033af0000,0x0000000033bf0000)]
  0x00000000214a4000 JavaThread "WorkerExecutor Queue Thread 12" [_thread_blocked, id=25152, stack(0x00000000339f0000,0x0000000033af0000)]
  0x00000000214a5800 JavaThread "WorkerExecutor Queue Thread 11" [_thread_blocked, id=11688, stack(0x00000000338f0000,0x00000000339f0000)]
  0x00000000214a9800 JavaThread "WorkerExecutor Queue Thread 10" [_thread_blocked, id=16552, stack(0x00000000337f0000,0x00000000338f0000)]
  0x000000001fd66000 JavaThread "WorkerExecutor Queue Thread 9" [_thread_blocked, id=23880, stack(0x00000000336f0000,0x00000000337f0000)]
  0x000000001fd63800 JavaThread "WorkerExecutor Queue Thread 8" [_thread_blocked, id=2308, stack(0x0000000033390000,0x0000000033490000)]
  0x000000001fd65000 JavaThread "WorkerExecutor Queue Thread 7" [_thread_blocked, id=22788, stack(0x0000000032560000,0x0000000032660000)]
  0x000000001fd6a000 JavaThread "WorkerExecutor Queue Thread 6" [_thread_blocked, id=14756, stack(0x0000000032460000,0x0000000032560000)]
  0x000000001fd68000 JavaThread "WorkerExecutor Queue Thread 5" [_thread_blocked, id=19444, stack(0x0000000032360000,0x0000000032460000)]
  0x000000001fd5c000 JavaThread "WorkerExecutor Queue Thread 4" [_thread_blocked, id=23044, stack(0x0000000032260000,0x0000000032360000)]
  0x000000001fd5d800 JavaThread "WorkerExecutor Queue Thread 3" [_thread_blocked, id=11016, stack(0x0000000032160000,0x0000000032260000)]
  0x000000001fd5b800 JavaThread "stdout" [_thread_in_native, id=3568, stack(0x0000000032060000,0x0000000032160000)]
  0x000000001fd5e800 JavaThread "stderr" [_thread_in_native, id=12280, stack(0x0000000031f60000,0x0000000032060000)]
  0x000000001fd61800 JavaThread "pool-5-thread-1" [_thread_blocked, id=5144, stack(0x0000000031e60000,0x0000000031f60000)]
  0x000000001fd60800 JavaThread "WorkerExecutor Queue Thread 2" [_thread_blocked, id=4908, stack(0x0000000031d60000,0x0000000031e60000)]
  0x000000001fd5f000 JavaThread "WorkerExecutor Queue" [_thread_in_native, id=25352, stack(0x0000000031c60000,0x0000000031d60000)]
  0x000000001bac9800 JavaThread "Cache worker for execution history cache (C:\Users\guswn\AndroidStudioProjects\Coconut\.gradle\5.6.4\executionHistory)" [_thread_blocked, id=13780, stack(0x0000000031b60000,0x0000000031c60000)]
  0x000000001bac1000 JavaThread "Execution worker for ':' Thread 11" [_thread_blocked, id=22600, stack(0x0000000028a10000,0x0000000028b10000)]
  0x000000001bac0800 JavaThread "Execution worker for ':' Thread 10" [_thread_blocked, id=5080, stack(0x0000000028910000,0x0000000028a10000)]
  0x000000001bac6800 JavaThread "Execution worker for ':' Thread 9" [_thread_blocked, id=8788, stack(0x0000000028810000,0x0000000028910000)]
  0x000000001babf000 JavaThread "Execution worker for ':' Thread 8" [_thread_blocked, id=17232, stack(0x0000000028710000,0x0000000028810000)]
  0x000000001bac5800 JavaThread "Execution worker for ':' Thread 7" [_thread_blocked, id=4356, stack(0x00000000281f0000,0x00000000282f0000)]
  0x000000001bac2800 JavaThread "Execution worker for ':' Thread 6" [_thread_blocked, id=20416, stack(0x00000000280f0000,0x00000000281f0000)]
  0x000000001bac5000 JavaThread "Execution worker for ':' Thread 5" [_thread_blocked, id=24800, stack(0x0000000027ff0000,0x00000000280f0000)]
  0x000000001bac4000 JavaThread "Execution worker for ':' Thread 4" [_thread_blocked, id=8428, stack(0x0000000027ef0000,0x0000000027ff0000)]
  0x000000001babf800 JavaThread "Execution worker for ':' Thread 3" [_thread_blocked, id=1868, stack(0x0000000027df0000,0x0000000027ef0000)]
  0x000000001babe000 JavaThread "Execution worker for ':' Thread 2" [_thread_blocked, id=24620, stack(0x0000000027cf0000,0x0000000027df0000)]
  0x000000001babc800 JavaThread "Execution worker for ':'" [_thread_blocked, id=22820, stack(0x0000000027bf0000,0x0000000027cf0000)]
  0x000000001bac2000 JavaThread "Cache worker for file content cache (C:\Users\guswn\AndroidStudioProjects\Coconut\.gradle\5.6.4\fileContent)" [_thread_blocked, id=15152, stack(0x00000000274a0000,0x00000000275a0000)]
  0x000000001bac3800 JavaThread "Cache worker for Build Output Cleanup Cache (C:\Users\guswn\AndroidStudioProjects\Coconut\.gradle\buildOutputCleanup)" [_thread_blocked, id=11756, stack(0x0000000027af0000,0x0000000027bf0000)]
  0x000000001babb000 JavaThread "pool-4-thread-1" [_thread_blocked, id=5036, stack(0x00000000279f0000,0x0000000027af0000)]
  0x000000001babc000 JavaThread "Build operations Thread 12" [_thread_blocked, id=9272, stack(0x0000000025f90000,0x0000000026090000)]
  0x000000001babd800 JavaThread "Build operations Thread 11" [_thread_blocked, id=11836, stack(0x0000000025c90000,0x0000000025d90000)]
  0x0000000023760000 JavaThread "Build operations Thread 10" [_thread_blocked, id=23540, stack(0x0000000024d90000,0x0000000024e90000)]
  0x0000000023760800 JavaThread "Build operations Thread 9" [_thread_blocked, id=10888, stack(0x0000000024820000,0x0000000024920000)]
  0x0000000023761800 JavaThread "Build operations Thread 8" [_thread_blocked, id=15020, stack(0x0000000024720000,0x0000000024820000)]
  0x000000002375f000 JavaThread "Build operations Thread 7" [_thread_blocked, id=2008, stack(0x0000000024620000,0x0000000024720000)]
  0x000000002375e800 JavaThread "Build operations Thread 6" [_thread_blocked, id=11180, stack(0x0000000024520000,0x0000000024620000)]
  0x0000000023757800 JavaThread "Build operations Thread 5" [_thread_blocked, id=23008, stack(0x0000000024420000,0x0000000024520000)]
  0x0000000023756800 JavaThread "Build operations Thread 4" [_thread_blocked, id=25596, stack(0x0000000024320000,0x0000000024420000)]
  0x000000002375d800 JavaThread "Build operations Thread 3" [_thread_blocked, id=22196, stack(0x0000000024220000,0x0000000024320000)]
  0x0000000023756000 JavaThread "Build operations Thread 2" [_thread_blocked, id=16284, stack(0x0000000024120000,0x0000000024220000)]
  0x000000002375d000 JavaThread "Build operations" [_thread_blocked, id=10216, stack(0x0000000024020000,0x0000000024120000)]
  0x0000000023755000 JavaThread "Cache worker for cache directory md-rule (C:\Users\guswn\.gradle\caches\5.6.4\md-rule)" [_thread_blocked, id=23140, stack(0x0000000023f20000,0x0000000024020000)]
  0x000000002375c000 JavaThread "Cache worker for cache directory md-supplier (C:\Users\guswn\.gradle\caches\5.6.4\md-supplier)" [_thread_blocked, id=15160, stack(0x0000000023e20000,0x0000000023f20000)]
  0x000000002375b000 JavaThread "Cache worker for file hash cache (C:\Users\guswn\AndroidStudioProjects\Coconut\.gradle\5.6.4\fileHashes)" [_thread_blocked, id=18472, stack(0x0000000023d20000,0x0000000023e20000)]
  0x000000002375a800 JavaThread "Thread-63" [_thread_blocked, id=9764, stack(0x0000000022300000,0x0000000022400000)]
  0x0000000023753000 JavaThread "Stdin handler" [_thread_blocked, id=20960, stack(0x000000001e5c0000,0x000000001e6c0000)]
  0x0000000023759800 JavaThread "Asynchronous log dispatcher for DefaultDaemonConnection: socket connection from /127.0.0.1:7321 to /127.0.0.1:7336" [_thread_blocked, id=23240, stack(0x000000001dfc0000,0x000000001e0c0000)]
  0x0000000023758000 JavaThread "Cancel handler" [_thread_blocked, id=4752, stack(0x000000001dac0000,0x000000001dbc0000)]
  0x0000000023752000 JavaThread "Handler for socket connection from /127.0.0.1:7321 to /127.0.0.1:7336" [_thread_in_native, id=3504, stack(0x000000001d7c0000,0x000000001d8c0000)]
  0x0000000023759000 JavaThread "ForkJoinPool.commonPool-worker-3" daemon [_thread_blocked, id=19904, stack(0x0000000034260000,0x0000000034360000)]
  0x0000000023754800 JavaThread "ForkJoinPool.commonPool-worker-10" daemon [_thread_blocked, id=19576, stack(0x0000000034160000,0x0000000034260000)]
  0x0000000023753800 JavaThread "ForkJoinPool.commonPool-worker-1" daemon [_thread_blocked, id=2508, stack(0x0000000033f50000,0x0000000034050000)]
  0x000000001bac8000 JavaThread "ForkJoinPool.commonPool-worker-8" daemon [_thread_blocked, id=10460, stack(0x0000000033d30000,0x0000000033e30000)]
  0x00000000214b1000 JavaThread "ForkJoinPool.commonPool-worker-13" daemon [_thread_blocked, id=25164, stack(0x0000000033290000,0x0000000033390000)]
  0x00000000214ac800 JavaThread "ForkJoinPool.commonPool-worker-4" daemon [_thread_blocked, id=19436, stack(0x0000000033190000,0x0000000033290000)]
  0x00000000214b0000 JavaThread "ForkJoinPool.commonPool-worker-11" daemon [_thread_blocked, id=6396, stack(0x0000000033090000,0x0000000033190000)]
  0x00000000214af800 JavaThread "ForkJoinPool.commonPool-worker-2" daemon [_thread_blocked, id=24652, stack(0x0000000032f90000,0x0000000033090000)]
  0x00000000214ae800 JavaThread "ForkJoinPool.commonPool-worker-9" daemon [_thread_blocked, id=23916, stack(0x0000000032860000,0x0000000032960000)]
  0x000000001fd69000 JavaThread "Cache worker for file content cache (C:\Users\guswn\.gradle\caches\5.6.4\fileContent)" [_thread_blocked, id=11076, stack(0x0000000025b90000,0x0000000025c90000)]
  0x000000001fd67800 JavaThread "Memory manager" [_thread_blocked, id=16480, stack(0x0000000025a90000,0x0000000025b90000)]
  0x000000001fd60000 JavaThread "Cache worker for execution history cache (C:\Users\guswn\.gradle\caches\5.6.4\executionHistory)" [_thread_blocked, id=2756, stack(0x0000000022850000,0x0000000022950000)]
  0x000000001cb7f000 JavaThread "Cache worker for journal cache (C:\Users\guswn\.gradle\caches\journal-1)" [_thread_blocked, id=10972, stack(0x000000001e4c0000,0x000000001e5c0000)]
  0x000000001cb85000 JavaThread "File lock request listener" [_thread_in_native, id=5028, stack(0x000000001e3c0000,0x000000001e4c0000)]
  0x000000001cb86000 JavaThread "Cache worker for file hash cache (C:\Users\guswn\.gradle\caches\5.6.4\fileHashes)" [_thread_blocked, id=22296, stack(0x000000001e2c0000,0x000000001e3c0000)]
  0x000000001c96a800 JavaThread "Daemon worker" [_thread_blocked, id=844, stack(0x000000001dcc0000,0x000000001ddc0000)]
  0x000000001c84c000 JavaThread "Daemon" [_thread_blocked, id=12788, stack(0x000000001d6c0000,0x000000001d7c0000)]
  0x000000001c7c6800 JavaThread "Daemon periodic checks" [_thread_blocked, id=22104, stack(0x000000001d5c0000,0x000000001d6c0000)]
  0x000000001c7e2800 JavaThread "Incoming local TCP Connector on port 7321" [_thread_in_native, id=10488, stack(0x000000001d3e0000,0x000000001d4e0000)]
  0x000000001c71b800 JavaThread "Daemon health stats" [_thread_blocked, id=15428, stack(0x000000001d0e0000,0x000000001d1e0000)]
  0x0000000018e63000 JavaThread "Service Thread" daemon [_thread_blocked, id=5488, stack(0x000000001a740000,0x000000001a840000)]
  0x0000000018dcd000 JavaThread "C1 CompilerThread3" daemon [_thread_in_native, id=17264, stack(0x000000001a640000,0x000000001a740000)]
=>0x0000000018dcc800 JavaThread "C2 CompilerThread2" daemon [_thread_in_native, id=3784, stack(0x000000001a540000,0x000000001a640000)]
  0x0000000018dc7800 JavaThread "C2 CompilerThread1" daemon [_thread_in_native, id=24224, stack(0x000000001a440000,0x000000001a540000)]
  0x0000000018dbf000 JavaThread "C2 CompilerThread0" daemon [_thread_in_native, id=4600, stack(0x000000001a340000,0x000000001a440000)]
  0x0000000018d6a800 JavaThread "Attach Listener" daemon [_thread_blocked, id=10724, stack(0x000000001a240000,0x000000001a340000)]
  0x0000000018dbd000 JavaThread "Signal Dispatcher" daemon [_thread_blocked, id=11400, stack(0x000000001a140000,0x000000001a240000)]
  0x00000000036ca000 JavaThread "Finalizer" daemon [_thread_blocked, id=20072, stack(0x0000000019fb0000,0x000000001a0b0000)]
  0x000000001768c800 JavaThread "Reference Handler" daemon [_thread_blocked, id=21372, stack(0x0000000019eb0000,0x0000000019fb0000)]
  0x00000000035d2800 JavaThread "main" [_thread_blocked, id=2272, stack(0x0000000003440000,0x0000000003540000)]

Other Threads:
  0x0000000017685800 VMThread [stack: 0x0000000019db0000,0x0000000019eb0000] [id=4960]
  0x0000000018e64800 WatcherThread [stack: 0x000000001a840000,0x000000001a940000] [id=24080]

VM state:not at safepoint (normal execution)

VM Mutex/Monitor currently owned by a thread: None

heap address: 0x00000000a0000000, size: 1536 MB, Compressed Oops mode: 32-bit
Narrow klass base: 0x0000000000000000, Narrow klass shift: 3
Compressed class space size: 1073741824 Address: 0x0000000100000000

Heap:
 PSYoungGen      total 371200K, used 288370K [0x00000000e0000000, 0x00000000fc500000, 0x0000000100000000)
  eden space 327680K, 78% used [0x00000000e0000000,0x00000000efb51a40,0x00000000f4000000)
  from space 43520K, 71% used [0x00000000f4000000,0x00000000f5e4afd8,0x00000000f6a80000)
  to   space 46080K, 0% used [0x00000000f9800000,0x00000000f9800000,0x00000000fc500000)
 ParOldGen       total 177664K, used 95100K [0x00000000a0000000, 0x00000000aad80000, 0x00000000e0000000)
  object space 177664K, 53% used [0x00000000a0000000,0x00000000a5cdf198,0x00000000aad80000)
 Metaspace       used 86730K, capacity 92084K, committed 92288K, reserved 1128448K
  class space    used 11661K, capacity 12667K, committed 12672K, reserved 1048576K

Card table byte_map: [0x0000000012a90000,0x0000000012da0000] byte_map_base: 0x0000000012590000

Marking Bits: (ParMarkBitMap*) 0x000000005ea59f30
 Begin Bits: [0x00000000139a0000, 0x00000000151a0000)
 End Bits:   [0x00000000151a0000, 0x00000000169a0000)

Polling page: 0x0000000000fc0000

CodeCache: size=245760Kb used=42685Kb max_used=42685Kb free=203074Kb
 bounds [0x00000000036d0000, 0x00000000060b0000, 0x00000000126d0000]
 total_blobs=14235 nmethods=13369 adapters=776
 compilation: enabled

Compilation events (10 events):
Event: 23.547 Thread 0x0000000018dcd000 nmethod 16330 0x00000000060ab910 code [0x00000000060aba80, 0x00000000060abc28]
Event: 23.574 Thread 0x0000000018dcd000 16331       2       java.util.WeakHashMap$Entry::getKey (8 bytes)
Event: 23.574 Thread 0x0000000018dcd000 nmethod 16331 0x00000000060abd10 code [0x00000000060abe60, 0x00000000060abfd0]
Event: 23.574 Thread 0x0000000018dcd000 16333       2       com.android.tools.r8.code.V::a (19 bytes)
Event: 23.574 Thread 0x0000000018dcd000 nmethod 16333 0x00000000060ac050 code [0x00000000060ac1c0, 0x00000000060ac428]
Event: 23.574 Thread 0x0000000018dcd000 16334       2       com.android.tools.r8.code.T::a (20 bytes)
Event: 23.574 Thread 0x0000000018dcd000 nmethod 16334 0x00000000060ac550 code [0x00000000060ac6c0, 0x00000000060ac898]
Event: 23.574 Thread 0x0000000018dcd000 16332       2       java.util.WeakHashMap::unmaskNull (13 bytes)
Event: 23.574 Thread 0x0000000018dcd000 nmethod 16332 0x00000000055d0090 code [0x00000000055d01e0, 0x00000000055d0330]
Event: 23.579 Thread 0x0000000018dcd000 16335 % !   3       com.android.tools.r8.dex.m::b @ 2020 (2743 bytes)

GC Heap History (10 events):
Event: 9.892 GC heap before
{Heap before GC invocations=14 (full 3):
 PSYoungGen      total 269312K, used 268686K [0x00000000e0000000, 0x00000000f4280000, 0x0000000100000000)
  eden space 248832K, 100% used [0x00000000e0000000,0x00000000ef300000,0x00000000ef300000)
  from space 20480K, 96% used [0x00000000f0980000,0x00000000f1ce3820,0x00000000f1d80000)
  to   space 23040K, 0% used [0x00000000ef300000,0x00000000ef300000,0x00000000f0980000)
 ParOldGen       total 177664K, used 39302K [0x00000000a0000000, 0x00000000aad80000, 0x00000000e0000000)
  object space 177664K, 22% used [0x00000000a0000000,0x00000000a2661a18,0x00000000aad80000)
 Metaspace       used 69310K, capacity 72774K, committed 72960K, reserved 1112064K
  class space    used 9448K, capacity 10158K, committed 10240K, reserved 1048576K
Event: 9.914 GC heap after
Heap after GC invocations=14 (full 3):
 PSYoungGen      total 271872K, used 23017K [0x00000000e0000000, 0x00000000f6280000, 0x0000000100000000)
  eden space 248832K, 0% used [0x00000000e0000000,0x00000000e0000000,0x00000000ef300000)
  from space 23040K, 99% used [0x00000000ef300000,0x00000000f097a510,0x00000000f0980000)
  to   space 32768K, 0% used [0x00000000f4280000,0x00000000f4280000,0x00000000f6280000)
 ParOldGen       total 177664K, used 58752K [0x00000000a0000000, 0x00000000aad80000, 0x00000000e0000000)
  object space 177664K, 33% used [0x00000000a0000000,0x00000000a39600e0,0x00000000aad80000)
 Metaspace       used 69310K, capacity 72774K, committed 72960K, reserved 1112064K
  class space    used 9448K, capacity 10158K, committed 10240K, reserved 1048576K
}
Event: 11.192 GC heap before
{Heap before GC invocations=15 (full 3):
 PSYoungGen      total 271872K, used 271849K [0x00000000e0000000, 0x00000000f6280000, 0x0000000100000000)
  eden space 248832K, 100% used [0x00000000e0000000,0x00000000ef300000,0x00000000ef300000)
  from space 23040K, 99% used [0x00000000ef300000,0x00000000f097a510,0x00000000f0980000)
  to   space 32768K, 0% used [0x00000000f4280000,0x00000000f4280000,0x00000000f6280000)
 ParOldGen       total 177664K, used 58752K [0x00000000a0000000, 0x00000000aad80000, 0x00000000e0000000)
  object space 177664K, 33% used [0x00000000a0000000,0x00000000a39600e0,0x00000000aad80000)
 Metaspace       used 77700K, capacity 82458K, committed 82560K, reserved 1120256K
  class space    used 10742K, capacity 11618K, committed 11648K, reserved 1048576K
Event: 11.219 GC heap after
Heap after GC invocations=15 (full 3):
 PSYoungGen      total 317952K, used 32764K [0x00000000e0000000, 0x00000000f7980000, 0x0000000100000000)
  eden space 285184K, 0% used [0x00000000e0000000,0x00000000e0000000,0x00000000f1680000)
  from space 32768K, 99% used [0x00000000f4280000,0x00000000f627f0f0,0x00000000f6280000)
  to   space 45056K, 0% used [0x00000000f1680000,0x00000000f1680000,0x00000000f4280000)
 ParOldGen       total 177664K, used 79227K [0x00000000a0000000, 0x00000000aad80000, 0x00000000e0000000)
  object space 177664K, 44% used [0x00000000a0000000,0x00000000a4d5ef40,0x00000000aad80000)
 Metaspace       used 77700K, capacity 82458K, committed 82560K, reserved 1120256K
  class space    used 10742K, capacity 11618K, committed 11648K, reserved 1048576K
}
Event: 11.939 GC heap before
{Heap before GC invocations=16 (full 3):
 PSYoungGen      total 317952K, used 317948K [0x00000000e0000000, 0x00000000f7980000, 0x0000000100000000)
  eden space 285184K, 100% used [0x00000000e0000000,0x00000000f1680000,0x00000000f1680000)
  from space 32768K, 99% used [0x00000000f4280000,0x00000000f627f0f0,0x00000000f6280000)
  to   space 45056K, 0% used [0x00000000f1680000,0x00000000f1680000,0x00000000f4280000)
 ParOldGen       total 177664K, used 79227K [0x00000000a0000000, 0x00000000aad80000, 0x00000000e0000000)
  object space 177664K, 44% used [0x00000000a0000000,0x00000000a4d5ef40,0x00000000aad80000)
 Metaspace       used 78547K, capacity 83312K, committed 83456K, reserved 1120256K
  class space    used 10780K, capacity 11667K, committed 11776K, reserved 1048576K
Event: 11.949 GC heap after
Heap after GC invocations=16 (full 3):
 PSYoungGen      total 330240K, used 1632K [0x00000000e0000000, 0x00000000fa180000, 0x0000000100000000)
  eden space 285184K, 0% used [0x00000000e0000000,0x00000000e0000000,0x00000000f1680000)
  from space 45056K, 3% used [0x00000000f1680000,0x00000000f1818000,0x00000000f4280000)
  to   space 45568K, 0% used [0x00000000f7500000,0x00000000f7500000,0x00000000fa180000)
 ParOldGen       total 177664K, used 95084K [0x00000000a0000000, 0x00000000aad80000, 0x00000000e0000000)
  object space 177664K, 53% used [0x00000000a0000000,0x00000000a5cdb198,0x00000000aad80000)
 Metaspace       used 78547K, capacity 83312K, committed 83456K, reserved 1120256K
  class space    used 10780K, capacity 11667K, committed 11776K, reserved 1048576K
}
Event: 20.184 GC heap before
{Heap before GC invocations=17 (full 3):
 PSYoungGen      total 330240K, used 286816K [0x00000000e0000000, 0x00000000fa180000, 0x0000000100000000)
  eden space 285184K, 100% used [0x00000000e0000000,0x00000000f1680000,0x00000000f1680000)
  from space 45056K, 3% used [0x00000000f1680000,0x00000000f1818000,0x00000000f4280000)
  to   space 45568K, 0% used [0x00000000f7500000,0x00000000f7500000,0x00000000fa180000)
 ParOldGen       total 177664K, used 95084K [0x00000000a0000000, 0x00000000aad80000, 0x00000000e0000000)
  object space 177664K, 53% used [0x00000000a0000000,0x00000000a5cdb198,0x00000000aad80000)
 Metaspace       used 86041K, capacity 91470K, committed 91520K, reserved 1128448K
  class space    used 11655K, capacity 12660K, committed 12672K, reserved 1048576K
Event: 20.198 GC heap after
Heap after GC invocations=17 (full 3):
 PSYoungGen      total 360448K, used 19190K [0x00000000e0000000, 0x00000000f9500000, 0x0000000100000000)
  eden space 327680K, 0% used [0x00000000e0000000,0x00000000e0000000,0x00000000f4000000)
  from space 32768K, 58% used [0x00000000f7500000,0x00000000f87bd8c0,0x00000000f9500000)
  to   space 43520K, 0% used [0x00000000f4000000,0x00000000f4000000,0x00000000f6a80000)
 ParOldGen       total 177664K, used 95092K [0x00000000a0000000, 0x00000000aad80000, 0x00000000e0000000)
  object space 177664K, 53% used [0x00000000a0000000,0x00000000a5cdd198,0x00000000aad80000)
 Metaspace       used 86041K, capacity 91470K, committed 91520K, reserved 1128448K
  class space    used 11655K, capacity 12660K, committed 12672K, reserved 1048576K
}
Event: 23.016 GC heap before
{Heap before GC invocations=18 (full 3):
 PSYoungGen      total 360448K, used 346870K [0x00000000e0000000, 0x00000000f9500000, 0x0000000100000000)
  eden space 327680K, 100% used [0x00000000e0000000,0x00000000f4000000,0x00000000f4000000)
  from space 32768K, 58% used [0x00000000f7500000,0x00000000f87bd8c0,0x00000000f9500000)
  to   space 43520K, 0% used [0x00000000f4000000,0x00000000f4000000,0x00000000f6a80000)
 ParOldGen       total 177664K, used 95092K [0x00000000a0000000, 0x00000000aad80000, 0x00000000e0000000)
  object space 177664K, 53% used [0x00000000a0000000,0x00000000a5cdd198,0x00000000aad80000)
 Metaspace       used 86332K, capacity 91732K, committed 91776K, reserved 1128448K
  class space    used 11659K, capacity 12667K, committed 12672K, reserved 1048576K
Event: 23.040 GC heap after
Heap after GC invocations=18 (full 3):
 PSYoungGen      total 371200K, used 31019K [0x00000000e0000000, 0x00000000fc500000, 0x0000000100000000)
  eden space 327680K, 0% used [0x00000000e0000000,0x00000000e0000000,0x00000000f4000000)
  from space 43520K, 71% used [0x00000000f4000000,0x00000000f5e4afd8,0x00000000f6a80000)
  to   space 46080K, 0% used [0x00000000f9800000,0x00000000f9800000,0x00000000fc500000)
 ParOldGen       total 177664K, used 95100K [0x00000000a0000000, 0x00000000aad80000, 0x00000000e0000000)
  object space 177664K, 53% used [0x00000000a0000000,0x00000000a5cdf198,0x00000000aad80000)
 Metaspace       used 86332K, capacity 91732K, committed 91776K, reserved 1128448K
  class space    used 11659K, capacity 12667K, committed 12672K, reserved 1048576K
}

Deoptimization events (10 events):
Event: 22.807 Thread 0x00000000214a4000 Uncommon trap: reason=unstable_if action=reinterpret pc=0x0000000005749938 method=com.android.tools.r8.ir.regalloc.a.compareTo(Ljava/lang/Object;)I @ 88
Event: 22.849 Thread 0x000000001fd66000 Uncommon trap: reason=bimorphic action=maybe_recompile pc=0x00000000058fad18 method=com.android.tools.r8.ir.regalloc.LinearScanRegisterAllocator.a(Lcom/android/tools/r8/ir/regalloc/LinearScanRegisterAllocator$a;Z)Lcom/android/tools/r8/ir/regalloc/LinearSc
Event: 22.955 Thread 0x00000000214a5800 Uncommon trap: reason=class_check action=maybe_recompile pc=0x0000000005773b2c method=com.android.tools.r8.u.b.e0.e()Lcom/android/tools/r8/u/b/d0; @ 3
Event: 22.955 Thread 0x00000000214a5800 Uncommon trap: reason=class_check action=maybe_recompile pc=0x0000000005773b2c method=com.android.tools.r8.u.b.e0.e()Lcom/android/tools/r8/u/b/d0; @ 3
Event: 22.985 Thread 0x00000000214a5800 Uncommon trap: reason=class_check action=maybe_recompile pc=0x0000000005773b2c method=com.android.tools.r8.u.b.e0.e()Lcom/android/tools/r8/u/b/d0; @ 3
Event: 22.985 Thread 0x00000000214a5800 Uncommon trap: reason=class_check action=maybe_recompile pc=0x0000000005773b2c method=com.android.tools.r8.u.b.e0.e()Lcom/android/tools/r8/u/b/d0; @ 3
Event: 23.150 Thread 0x00000000214a9800 Uncommon trap: reason=bimorphic action=maybe_recompile pc=0x0000000005613b58 method=com.android.tools.r8.u.a.h.e.b(Lcom/android/tools/r8/u/b/d0;)V @ 43
Event: 23.335 Thread 0x000000001fd5d800 Uncommon trap: reason=predicate action=maybe_recompile pc=0x0000000005c39f30 method=java.util.TimSort.mergeLo(IIII)V @ 153
Event: 23.526 Thread 0x000000001fd60800 Uncommon trap: reason=array_check action=maybe_recompile pc=0x00000000055ced7c method=java.util.TimSort.mergeLo(IIII)V @ 212
Event: 23.526 Thread 0x000000001fd60800 Uncommon trap: reason=array_check action=maybe_recompile pc=0x00000000055ced7c method=java.util.TimSort.mergeLo(IIII)V @ 212

Classes redefined (0 events):
No events

Internal exceptions (10 events):
Event: 23.395 Thread 0x00000000214a9800 Exception <a 'sun/nio/fs/WindowsException'> (0x00000000eb004e58) thrown at [D:\src\AOSP-openjdk-cygwin\jdk8u\hotspot\src\share\vm\prims\jni.cpp, line 710]
Event: 23.396 Thread 0x00000000214a9800 Exception <a 'sun/nio/fs/WindowsException'> (0x00000000eb00d168) thrown at [D:\src\AOSP-openjdk-cygwin\jdk8u\hotspot\src\share\vm\prims\jni.cpp, line 710]
Event: 23.398 Thread 0x00000000214a9800 Exception <a 'sun/nio/fs/WindowsException'> (0x00000000eb016fe8) thrown at [D:\src\AOSP-openjdk-cygwin\jdk8u\hotspot\src\share\vm\prims\jni.cpp, line 710]
Event: 23.399 Thread 0x00000000214a9800 Exception <a 'sun/nio/fs/WindowsException'> (0x00000000eb01e8e8) thrown at [D:\src\AOSP-openjdk-cygwin\jdk8u\hotspot\src\share\vm\prims\jni.cpp, line 710]
Event: 23.401 Thread 0x00000000214a9800 Exception <a 'sun/nio/fs/WindowsException'> (0x00000000eb79b570) thrown at [D:\src\AOSP-openjdk-cygwin\jdk8u\hotspot\src\share\vm\prims\jni.cpp, line 710]
Event: 23.402 Thread 0x00000000214a9800 Exception <a 'sun/nio/fs/WindowsException'> (0x00000000eb7a27c0) thrown at [D:\src\AOSP-openjdk-cygwin\jdk8u\hotspot\src\share\vm\prims\jni.cpp, line 710]
Event: 23.404 Thread 0x00000000214a9800 Exception <a 'sun/nio/fs/WindowsException'> (0x00000000eb7ac2e8) thrown at [D:\src\AOSP-openjdk-cygwin\jdk8u\hotspot\src\share\vm\prims\jni.cpp, line 710]
Event: 23.406 Thread 0x00000000214a9800 Exception <a 'sun/nio/fs/WindowsException'> (0x00000000eb7b6808) thrown at [D:\src\AOSP-openjdk-cygwin\jdk8u\hotspot\src\share\vm\prims\jni.cpp, line 710]
Event: 23.407 Thread 0x00000000214a9800 Exception <a 'sun/nio/fs/WindowsException'> (0x00000000eb7bde00) thrown at [D:\src\AOSP-openjdk-cygwin\jdk8u\hotspot\src\share\vm\prims\jni.cpp, line 710]
Event: 23.409 Thread 0x00000000214a9800 Exception <a 'sun/nio/fs/WindowsException'> (0x00000000eb7c6468) thrown at [D:\src\AOSP-openjdk-cygwin\jdk8u\hotspot\src\share\vm\prims\jni.cpp, line 710]

Events (10 events):
Event: 23.561 Thread 0x000000001fd5f000 DEOPT PACKING pc=0x0000000005cb3b06 sp=0x0000000031d5d8b0
Event: 23.561 Thread 0x000000001fd5f000 DEOPT UNPACKING pc=0x00000000037175d0 sp=0x0000000031d5d628 mode 0
Event: 23.563 Thread 0x000000001fd5f000 DEOPT PACKING pc=0x0000000005cb3b06 sp=0x0000000031d5d8b0
Event: 23.563 Thread 0x000000001fd5f000 DEOPT UNPACKING pc=0x00000000037175d0 sp=0x0000000031d5d628 mode 0
Event: 23.564 Thread 0x000000001fd5f000 DEOPT PACKING pc=0x0000000005cb3b06 sp=0x0000000031d5d8b0
Event: 23.564 Thread 0x000000001fd5f000 DEOPT UNPACKING pc=0x00000000037175d0 sp=0x0000000031d5d628 mode 0
Event: 23.566 Thread 0x000000001fd5f000 DEOPT PACKING pc=0x00000000055d1f99 sp=0x0000000031d5d8e0
Event: 23.566 Thread 0x000000001fd5f000 DEOPT UNPACKING pc=0x00000000037175d0 sp=0x0000000031d5d650 mode 0
Event: 23.568 Thread 0x000000001fd5f000 DEOPT PACKING pc=0x0000000005cb3b06 sp=0x0000000031d5d8d0
Event: 23.568 Thread 0x000000001fd5f000 DEOPT UNPACKING pc=0x00000000037175d0 sp=0x0000000031d5d648 mode 0


Dynamic libraries:
0x00007ff65def0000 - 0x00007ff65df21000 	C:\Program Files\Android\Android Studio\jre\bin\java.exe
0x00007ffd937f0000 - 0x00007ffd939e4000 	C:\WINDOWS\SYSTEM32\ntdll.dll
0x00007ffd93510000 - 0x00007ffd935cd000 	C:\WINDOWS\System32\KERNEL32.DLL
0x00007ffd91010000 - 0x00007ffd912d7000 	C:\WINDOWS\System32\KERNELBASE.dll
0x00007ffd92b50000 - 0x00007ffd92bfa000 	C:\WINDOWS\System32\ADVAPI32.dll
0x00007ffd92490000 - 0x00007ffd9252e000 	C:\WINDOWS\System32\msvcrt.dll
0x00007ffd929a0000 - 0x00007ffd92a3b000 	C:\WINDOWS\System32\sechost.dll
0x00007ffd92d50000 - 0x00007ffd92e73000 	C:\WINDOWS\System32\RPCRT4.dll
0x00007ffd935d0000 - 0x00007ffd93770000 	C:\WINDOWS\System32\USER32.dll
0x00007ffd90fe0000 - 0x00007ffd91002000 	C:\WINDOWS\System32\win32u.dll
0x00007ffd93770000 - 0x00007ffd9379a000 	C:\WINDOWS\System32\GDI32.dll
0x00007ffd91740000 - 0x00007ffd9184a000 	C:\WINDOWS\System32\gdi32full.dll
0x00007ffd915c0000 - 0x00007ffd9165d000 	C:\WINDOWS\System32\msvcp_win.dll
0x00007ffd914c0000 - 0x00007ffd915c0000 	C:\WINDOWS\System32\ucrtbase.dll
0x00007ffd82760000 - 0x00007ffd829fa000 	C:\WINDOWS\WinSxS\amd64_microsoft.windows.common-controls_6595b64144ccf1df_6.0.19041.1_none_b555e41d4684ddec\COMCTL32.dll
0x00007ffd934e0000 - 0x00007ffd93510000 	C:\WINDOWS\System32\IMM32.DLL
0x000000005e0d0000 - 0x000000005e1a2000 	C:\Program Files\Android\Android Studio\jre\jre\bin\msvcr100.dll
0x000000005e290000 - 0x000000005ead6000 	C:\Program Files\Android\Android Studio\jre\jre\bin\server\jvm.dll
0x00007ffd937a0000 - 0x00007ffd937a8000 	C:\WINDOWS\System32\PSAPI.DLL
0x00007ffd77190000 - 0x00007ffd77199000 	C:\WINDOWS\SYSTEM32\WSOCK32.dll
0x00007ffd93080000 - 0x00007ffd930eb000 	C:\WINDOWS\System32\WS2_32.dll
0x00007ffd82bc0000 - 0x00007ffd82be7000 	C:\WINDOWS\SYSTEM32\WINMM.dll
0x00007ffd89000000 - 0x00007ffd8900a000 	C:\WINDOWS\SYSTEM32\VERSION.dll
0x00007ffd8e120000 - 0x00007ffd8e12f000 	C:\Program Files\Android\Android Studio\jre\jre\bin\verify.dll
0x00007ffd8df00000 - 0x00007ffd8df29000 	C:\Program Files\Android\Android Studio\jre\jre\bin\java.dll
0x00007ffd8dee0000 - 0x00007ffd8def6000 	C:\Program Files\Android\Android Studio\jre\jre\bin\zip.dll
0x00007ffd91d40000 - 0x00007ffd92471000 	C:\WINDOWS\System32\SHELL32.dll
0x00007ffd8f080000 - 0x00007ffd8f80a000 	C:\WINDOWS\SYSTEM32\windows.storage.dll
0x00007ffd930f0000 - 0x00007ffd93444000 	C:\WINDOWS\System32\combase.dll
0x00007ffd909b0000 - 0x00007ffd909db000 	C:\WINDOWS\SYSTEM32\Wldp.dll
0x00007ffd927c0000 - 0x00007ffd9286e000 	C:\WINDOWS\System32\SHCORE.dll
0x00007ffd92af0000 - 0x00007ffd92b45000 	C:\WINDOWS\System32\shlwapi.dll
0x00007ffd90e70000 - 0x00007ffd90e8f000 	C:\WINDOWS\SYSTEM32\profapi.dll
0x00007ffd8da30000 - 0x00007ffd8da4a000 	C:\Program Files\Android\Android Studio\jre\jre\bin\net.dll
0x00007ffd81ef0000 - 0x00007ffd820dd000 	C:\WINDOWS\SYSTEM32\urlmon.dll
0x00007ffd819a0000 - 0x00007ffd81c4e000 	C:\WINDOWS\SYSTEM32\iertutil.dll
0x00007ffd90730000 - 0x00007ffd9079a000 	C:\WINDOWS\system32\mswsock.dll
0x00007ffd8c5a0000 - 0x00007ffd8c5b3000 	C:\Program Files\Android\Android Studio\jre\jre\bin\nio.dll
0x00007ffd7dfa0000 - 0x00007ffd7dfc6000 	C:\Users\guswn\.gradle\native\30\windows-amd64\native-platform.dll
0x00007ffd8e0f0000 - 0x00007ffd8e0fd000 	C:\Program Files\Android\Android Studio\jre\jre\bin\management.dll
0x00007ffd90900000 - 0x00007ffd90918000 	C:\WINDOWS\SYSTEM32\CRYPTSP.dll
0x00007ffd90050000 - 0x00007ffd90084000 	C:\WINDOWS\system32\rsaenh.dll
0x00007ffd916c0000 - 0x00007ffd916e7000 	C:\WINDOWS\System32\bcrypt.dll
0x00007ffd90e30000 - 0x00007ffd90e5e000 	C:\WINDOWS\SYSTEM32\USERENV.dll
0x00007ffd912e0000 - 0x00007ffd9135f000 	C:\WINDOWS\System32\bcryptprimitives.dll
0x00007ffd90920000 - 0x00007ffd9092c000 	C:\WINDOWS\SYSTEM32\CRYPTBASE.dll
0x00007ffd903d0000 - 0x00007ffd9040b000 	C:\WINDOWS\SYSTEM32\IPHLPAPI.DLL
0x00007ffd92480000 - 0x00007ffd92489000 	C:\WINDOWS\System32\NSI.dll
0x00007ffd87fb0000 - 0x00007ffd87fc7000 	C:\WINDOWS\SYSTEM32\dhcpcsvc6.DLL
0x00007ffd87f90000 - 0x00007ffd87fad000 	C:\WINDOWS\SYSTEM32\dhcpcsvc.DLL
0x00007ffd90410000 - 0x00007ffd904da000 	C:\WINDOWS\SYSTEM32\DNSAPI.dll

VM Arguments:
jvm_args: -Xmx1536m -Dfile.encoding=x-windows-949 -Duser.country=KR -Duser.language=ko -Duser.variant 
java_command: org.gradle.launcher.daemon.bootstrap.GradleDaemon 5.6.4
java_class_path (initial): C:\Users\guswn\.gradle\wrapper\dists\gradle-5.6.4-all\ankdp27end7byghfw1q2sw75f\gradle-5.6.4\lib\gradle-launcher-5.6.4.jar
Launcher Type: SUN_STANDARD

Environment Variables:
JAVA_HOME=C:\Program Files (x86)\Java\jdk1.8.0_221
PATH=C:\Program Files (x86)\Common Files\Oracle\Java\javapath;C:\Windows\system32;C:\Windows;C:\Windows\System32\Wbem;C:\Windows\System32\WindowsPowerShell\v1.0\;C:\Windows\System32\OpenSSH\;C:\Program Files\PuTTY\;C:\Program Files\NVIDIA Corporation\NVIDIA NvDLISR;C:\MinGW\bin;C:\Program Files\nodejs\;C:\Program Files (x86)\NVIDIA Corporation\PhysX\Common;C:\Program Files\Git\cmd;C:\WINDOWS\system32;C:\WINDOWS;C:\WINDOWS\System32\Wbem;C:\WINDOWS\System32\WindowsPowerShell\v1.0\;C:\WINDOWS\System32\OpenSSH\;C:\Program Files\Docker\Docker\resources\bin;C:\ProgramData\DockerDesktop\version-bin;C:\Program Files\MySQL\MySQL Shell 8.0\bin\;C:\Program Files\JetBrains\WebStorm 2019.2.3\bin;C:\Program Files\JetBrains\CLion 2019.2.5\bin;C:\MinGW\bin;C:\Users\guswn\AppData\Local\Programs\Microsoft VS Code\bin;C:\Users\guswn\AppData\Local\GitHubDesktop\bin;C:\Users\guswn\AppData\Roaming\npm;C:\Program Files\JetBrains\GoLand 2019.3\bin;;C:\Users\guswn\AppData\Local\Microsoft\WindowsApps;;C:\Program Files\JetBrains\PhpStorm 2019.3.3\bin;
USERNAME=guswn
OS=Windows_NT
PROCESSOR_IDENTIFIER=Intel64 Family 6 Model 158 Stepping 10, GenuineIntel



---------------  S Y S T E M  ---------------

OS: Windows 10.0 , 64 bit Build 19041 (10.0.19041.1)

CPU:total 12 (initial active 12) (6 cores per cpu, 2 threads per core) family 6 model 158 stepping 10, cmov, cx8, fxsr, mmx, sse, sse2, sse3, ssse3, sse4.1, sse4.2, popcnt, avx, avx2, aes, clmul, erms, 3dnowpref, lzcnt, ht, tsc, tscinvbit, bmi1, bmi2, adx

Memory: 4k page, physical 16694516k(1965400k free), swap 67026164k(5460k free)

vm_info: OpenJDK 64-Bit Server VM (25.212-b04) for windows-amd64 JRE (1.8.0_212-release-1586-b04), built by "builder" with MS VC++ 10.0 (VS2010)

time: Thu Mar 05 04:22:47 2020
timezone: 대한민국 표준시
elapsed time: 23 seconds (0d 0h 0m 23s)

